12/04/2009 23:20:28 (InfL1)	+-+-+-+-+-+-+-+-+-+-+-+-+-+-+-+-+-+-+-+-+-+-+-+-+-+-+-+-+-+-+-+-+-+-+-+-+-+-+-+
12/04/2009 23:20:28 (InfL1)	+                     Crazy Eddie's GUI System - Event log                    +
12/04/2009 23:20:28 (InfL1)	+                          (http://www.cegui.org.uk/)                         +
12/04/2009 23:20:28 (InfL1)	+-+-+-+-+-+-+-+-+-+-+-+-+-+-+-+-+-+-+-+-+-+-+-+-+-+-+-+-+-+-+-+-+-+-+-+-+-+-+-+

12/04/2009 23:20:28 (InfL1)	CEGUI::Logger singleton created.
12/04/2009 23:20:28 (InfL1)	---- Begining CEGUI System initialisation ----
12/04/2009 23:20:28 (InfL1)	CEGUI::ImagesetManager singleton created
12/04/2009 23:20:28 (InfL1)	CEGUI::FontManager singleton created.
12/04/2009 23:20:28 (InfL1)	CEGUI::WindowFactoryManager singleton created
12/04/2009 23:20:28 (InfL1)	CEGUI::WindowManager singleton created
12/04/2009 23:20:28 (InfL1)	CEGUI::SchemeManager singleton created.
12/04/2009 23:20:28 (InfL1)	CEGUI::MouseCursor singleton created.
12/04/2009 23:20:28 (InfL1)	CEGUI::GlobalEventSet singleton created.
12/04/2009 23:20:28 (InfL1)	CEGUI::WidgetLookManager singleton created.
12/04/2009 23:20:28 (InfL1)	CEGUI::WindowRendererManager singleton created
12/04/2009 23:20:28 (InfL1)	WindowFactory for 'DefaultWindow' windows added.
12/04/2009 23:20:28 (InfL1)	WindowFactory for 'DragContainer' windows added.
12/04/2009 23:20:28 (InfL1)	WindowFactory for 'ScrolledContainer' windows added.
12/04/2009 23:20:28 (InfL1)	WindowFactory for 'ClippedContainer' windows added.
12/04/2009 23:20:28 (InfL1)	WindowFactory for 'CEGUI/Checkbox' windows added.
12/04/2009 23:20:28 (InfL1)	WindowFactory for 'CEGUI/PushButton' windows added.
12/04/2009 23:20:28 (InfL1)	WindowFactory for 'CEGUI/RadioButton' windows added.
12/04/2009 23:20:28 (InfL1)	WindowFactory for 'CEGUI/Combobox' windows added.
12/04/2009 23:20:28 (InfL1)	WindowFactory for 'CEGUI/ComboDropList' windows added.
12/04/2009 23:20:28 (InfL1)	WindowFactory for 'CEGUI/Editbox' windows added.
12/04/2009 23:20:28 (InfL1)	WindowFactory for 'CEGUI/FrameWindow' windows added.
12/04/2009 23:20:28 (InfL1)	WindowFactory for 'CEGUI/ItemEntry' windows added.
12/04/2009 23:20:28 (InfL1)	WindowFactory for 'CEGUI/Listbox' windows added.
12/04/2009 23:20:28 (InfL1)	WindowFactory for 'CEGUI/ListHeader' windows added.
12/04/2009 23:20:28 (InfL1)	WindowFactory for 'CEGUI/ListHeaderSegment' windows added.
12/04/2009 23:20:28 (InfL1)	WindowFactory for 'CEGUI/Menubar' windows added.
12/04/2009 23:20:28 (InfL1)	WindowFactory for 'CEGUI/PopupMenu' windows added.
12/04/2009 23:20:28 (InfL1)	WindowFactory for 'CEGUI/MenuItem' windows added.
12/04/2009 23:20:28 (InfL1)	WindowFactory for 'CEGUI/MultiColumnList' windows added.
12/04/2009 23:20:28 (InfL1)	WindowFactory for 'CEGUI/MultiLineEditbox' windows added.
12/04/2009 23:20:28 (InfL1)	WindowFactory for 'CEGUI/ProgressBar' windows added.
12/04/2009 23:20:28 (InfL1)	WindowFactory for 'CEGUI/ScrollablePane' windows added.
12/04/2009 23:20:28 (InfL1)	WindowFactory for 'CEGUI/Scrollbar' windows added.
12/04/2009 23:20:28 (InfL1)	WindowFactory for 'CEGUI/Slider' windows added.
12/04/2009 23:20:28 (InfL1)	WindowFactory for 'CEGUI/Spinner' windows added.
12/04/2009 23:20:28 (InfL1)	WindowFactory for 'CEGUI/TabButton' windows added.
12/04/2009 23:20:28 (InfL1)	WindowFactory for 'CEGUI/TabControl' windows added.
12/04/2009 23:20:28 (InfL1)	WindowFactory for 'CEGUI/Thumb' windows added.
12/04/2009 23:20:28 (InfL1)	WindowFactory for 'CEGUI/Titlebar' windows added.
12/04/2009 23:20:28 (InfL1)	WindowFactory for 'CEGUI/Tooltip' windows added.
12/04/2009 23:20:28 (InfL1)	WindowFactory for 'CEGUI/ItemListbox' windows added.
12/04/2009 23:20:28 (InfL1)	Window type alias named 'DefaultGUISheet' added for window type 'DefaultWindow'.
12/04/2009 23:20:28 (InfL1)	CEGUI::System singleton created.
12/04/2009 23:20:28 (InfL1)	---- CEGUI System initialisation completed ----
12/04/2009 23:20:28 (InfL1)	---- Version 0.5.1 ----
12/04/2009 23:20:28 (InfL1)	---- Renderer module is: CEGUI::OgreRenderer - Official Ogre based renderer module for CEGUI ----
12/04/2009 23:20:28 (InfL1)	---- XML Parser module is: CEGUI::ExpatParser - Official expat based parser module for CEGUI ----
12/04/2009 23:20:28 (InfL1)	---- Scripting module is: None ----
12/04/2009 23:20:28 (InfL1)	Attempting to load Scheme from file 'TaharezLookSkin.scheme'.
12/04/2009 23:20:28 (InfL2)	Started creation of Scheme 'TaharezLook' via XML file.
12/04/2009 23:20:28 (InfL2)	Finished creation of Scheme 'TaharezLook' via XML file.
12/04/2009 23:20:28 (InfL2)	Loaded GUI scheme 'TaharezLook' from data in file 'TaharezLookSkin.scheme'.
12/04/2009 23:20:28 (InfL2)	---- Begining resource loading for GUI scheme 'TaharezLook' ----
12/04/2009 23:20:28 (InfL1)	Attempting to create an Imageset from the information specified in file 'TaharezLook.imageset'.
12/04/2009 23:20:28 (InfL1)	Started creation of Imageset from XML specification:
12/04/2009 23:20:28 (InfL1)	---- CEGUI Imageset name: TaharezLook
12/04/2009 23:20:28 (InfL1)	---- Source texture file: TaharezLook.tga in resource group: (Default)
12/04/2009 23:20:28 (InfL2)	Finished creation of Imageset 'TaharezLook' via XML file.
12/04/2009 23:20:28 (InfL1)	Attempting to create Font from the information specified in file 'bluehighway-10.font'.
12/04/2009 23:20:28 (InfL1)	Started creation of FreeType Font:
12/04/2009 23:20:28 (InfL1)	---- CEGUI font name: BlueHighway-10
12/04/2009 23:20:28 (InfL1)	----     Source file: bluehigh.ttf in resource group: (Default)
12/04/2009 23:20:28 (InfL1)	---- Real point size: 14
12/04/2009 23:20:28 (InfL1)	Succsessfully loaded 289 glyphs
12/04/2009 23:20:28 (InfL2)	Finished creation of Font 'BlueHighway-10' via XML file.
12/04/2009 23:20:28 (InfL1)	===== Falagard 'root' element: look and feel parsing begins =====
12/04/2009 23:20:28 (InfL2)	---> Start of definition for widget look 'TaharezLook/Button'.
12/04/2009 23:20:28 (InfL2)	---< End of definition for widget look 'TaharezLook/Button'.
12/04/2009 23:20:28 (InfL2)	---> Start of definition for widget look 'TaharezLook/RadioButton'.
12/04/2009 23:20:28 (InfL2)	---< End of definition for widget look 'TaharezLook/RadioButton'.
12/04/2009 23:20:28 (InfL2)	---> Start of definition for widget look 'TaharezLook/Checkbox'.
12/04/2009 23:20:28 (InfL2)	---< End of definition for widget look 'TaharezLook/Checkbox'.
12/04/2009 23:20:28 (InfL2)	---> Start of definition for widget look 'TaharezLook/Editbox'.
12/04/2009 23:20:28 (InfL2)	---< End of definition for widget look 'TaharezLook/Editbox'.
12/04/2009 23:20:28 (InfL2)	---> Start of definition for widget look 'TaharezLook/Titlebar'.
12/04/2009 23:20:28 (InfL2)	---< End of definition for widget look 'TaharezLook/Titlebar'.
12/04/2009 23:20:28 (InfL2)	---> Start of definition for widget look 'TaharezLook/FrameWindow'.
12/04/2009 23:20:28 (InfL2)	---< End of definition for widget look 'TaharezLook/FrameWindow'.
12/04/2009 23:20:28 (InfL2)	---> Start of definition for widget look 'TaharezLook/ProgressBar'.
12/04/2009 23:20:28 (InfL2)	---< End of definition for widget look 'TaharezLook/ProgressBar'.
12/04/2009 23:20:28 (InfL2)	---> Start of definition for widget look 'TaharezLook/AltProgressBar'.
12/04/2009 23:20:28 (InfL2)	---< End of definition for widget look 'TaharezLook/AltProgressBar'.
12/04/2009 23:20:28 (InfL2)	---> Start of definition for widget look 'TaharezLook/VUMeter'.
12/04/2009 23:20:28 (InfL2)	---< End of definition for widget look 'TaharezLook/VUMeter'.
12/04/2009 23:20:28 (InfL2)	---> Start of definition for widget look 'TaharezLook/SliderThumb'.
12/04/2009 23:20:28 (InfL2)	---< End of definition for widget look 'TaharezLook/SliderThumb'.
12/04/2009 23:20:28 (InfL2)	---> Start of definition for widget look 'TaharezLook/Slider'.
12/04/2009 23:20:28 (InfL2)	---< End of definition for widget look 'TaharezLook/Slider'.
12/04/2009 23:20:28 (InfL2)	---> Start of definition for widget look 'TaharezLook/HorizontalScrollbarThumb'.
12/04/2009 23:20:28 (InfL2)	---< End of definition for widget look 'TaharezLook/HorizontalScrollbarThumb'.
12/04/2009 23:20:29 (InfL2)	---> Start of definition for widget look 'TaharezLook/HorizontalScrollbar'.
12/04/2009 23:20:29 (InfL2)	---< End of definition for widget look 'TaharezLook/HorizontalScrollbar'.
12/04/2009 23:20:29 (InfL2)	---> Start of definition for widget look 'TaharezLook/VerticalScrollbarThumb'.
12/04/2009 23:20:29 (InfL2)	---< End of definition for widget look 'TaharezLook/VerticalScrollbarThumb'.
12/04/2009 23:20:29 (InfL2)	---> Start of definition for widget look 'TaharezLook/VerticalScrollbar'.
12/04/2009 23:20:29 (InfL2)	---< End of definition for widget look 'TaharezLook/VerticalScrollbar'.
12/04/2009 23:20:29 (InfL2)	---> Start of definition for widget look 'TaharezLook/Listbox'.
12/04/2009 23:20:29 (InfL2)	---< End of definition for widget look 'TaharezLook/Listbox'.
12/04/2009 23:20:29 (InfL2)	---> Start of definition for widget look 'TaharezLook/ComboDropList'.
12/04/2009 23:20:29 (InfL2)	---< End of definition for widget look 'TaharezLook/ComboDropList'.
12/04/2009 23:20:29 (InfL2)	---> Start of definition for widget look 'TaharezLook/ComboEditbox'.
12/04/2009 23:20:29 (InfL2)	---< End of definition for widget look 'TaharezLook/ComboEditbox'.
12/04/2009 23:20:29 (InfL2)	---> Start of definition for widget look 'TaharezLook/Combobox'.
12/04/2009 23:20:29 (InfL2)	---< End of definition for widget look 'TaharezLook/Combobox'.
12/04/2009 23:20:29 (InfL2)	---> Start of definition for widget look 'TaharezLook/Spinner'.
12/04/2009 23:20:29 (InfL2)	---< End of definition for widget look 'TaharezLook/Spinner'.
12/04/2009 23:20:29 (InfL2)	---> Start of definition for widget look 'TaharezLook/StaticShared'.
12/04/2009 23:20:29 (InfL2)	---< End of definition for widget look 'TaharezLook/StaticShared'.
12/04/2009 23:20:29 (InfL2)	---> Start of definition for widget look 'TaharezLook/StaticImage'.
12/04/2009 23:20:29 (InfL2)	---< End of definition for widget look 'TaharezLook/StaticImage'.
12/04/2009 23:20:29 (InfL2)	---> Start of definition for widget look 'TaharezLook/StaticText'.
12/04/2009 23:20:29 (InfL2)	---< End of definition for widget look 'TaharezLook/StaticText'.
12/04/2009 23:20:29 (InfL2)	---> Start of definition for widget look 'TaharezLook/ListHeaderSegment'.
12/04/2009 23:20:29 (InfL2)	---< End of definition for widget look 'TaharezLook/ListHeaderSegment'.
12/04/2009 23:20:29 (InfL2)	---> Start of definition for widget look 'TaharezLook/ListHeader'.
12/04/2009 23:20:29 (InfL2)	---< End of definition for widget look 'TaharezLook/ListHeader'.
12/04/2009 23:20:29 (InfL2)	---> Start of definition for widget look 'TaharezLook/MultiColumnList'.
12/04/2009 23:20:29 (InfL2)	---< End of definition for widget look 'TaharezLook/MultiColumnList'.
12/04/2009 23:20:29 (InfL2)	---> Start of definition for widget look 'TaharezLook/MultiLineEditbox'.
12/04/2009 23:20:29 (InfL2)	---< End of definition for widget look 'TaharezLook/MultiLineEditbox'.
12/04/2009 23:20:29 (InfL2)	---> Start of definition for widget look 'TaharezLook/Tooltip'.
12/04/2009 23:20:29 (InfL2)	---< End of definition for widget look 'TaharezLook/Tooltip'.
12/04/2009 23:20:29 (InfL2)	---> Start of definition for widget look 'TaharezLook/ScrollablePane'.
12/04/2009 23:20:29 (InfL2)	---< End of definition for widget look 'TaharezLook/ScrollablePane'.
12/04/2009 23:20:29 (InfL2)	---> Start of definition for widget look 'TaharezLook/TabButton'.
12/04/2009 23:20:29 (InfL2)	---< End of definition for widget look 'TaharezLook/TabButton'.
12/04/2009 23:20:29 (InfL2)	---> Start of definition for widget look 'TaharezLook/TabContentPane'.
12/04/2009 23:20:29 (InfL2)	---< End of definition for widget look 'TaharezLook/TabContentPane'.
12/04/2009 23:20:29 (InfL2)	---> Start of definition for widget look 'TaharezLook/TabButtonPane'.
12/04/2009 23:20:29 (InfL2)	---< End of definition for widget look 'TaharezLook/TabButtonPane'.
12/04/2009 23:20:29 (InfL2)	---> Start of definition for widget look 'TaharezLook/TabControl'.
12/04/2009 23:20:29 (InfL2)	---< End of definition for widget look 'TaharezLook/TabControl'.
12/04/2009 23:20:29 (InfL2)	---> Start of definition for widget look 'TaharezLook/MenuItem'.
12/04/2009 23:20:29 (InfL2)	---< End of definition for widget look 'TaharezLook/MenuItem'.
12/04/2009 23:20:29 (InfL2)	---> Start of definition for widget look 'TaharezLook/PopupMenu'.
12/04/2009 23:20:29 (InfL2)	---< End of definition for widget look 'TaharezLook/PopupMenu'.
12/04/2009 23:20:29 (InfL2)	---> Start of definition for widget look 'TaharezLook/Menubar'.
12/04/2009 23:20:29 (InfL2)	---< End of definition for widget look 'TaharezLook/Menubar'.
12/04/2009 23:20:29 (InfL2)	---> Start of definition for widget look 'TaharezLook/LargeVerticalScrollbarThumb'.
12/04/2009 23:20:29 (InfL2)	---< End of definition for widget look 'TaharezLook/LargeVerticalScrollbarThumb'.
12/04/2009 23:20:29 (InfL2)	---> Start of definition for widget look 'TaharezLook/LargeVerticalScrollbar'.
12/04/2009 23:20:29 (InfL2)	---< End of definition for widget look 'TaharezLook/LargeVerticalScrollbar'.
12/04/2009 23:20:29 (InfL2)	---> Start of definition for widget look 'TaharezLook/ImageButton'.
12/04/2009 23:20:29 (InfL2)	---< End of definition for widget look 'TaharezLook/ImageButton'.
12/04/2009 23:20:29 (InfL1)	===== Look and feel parsing completed =====
12/04/2009 23:20:29 (InfL1)	No window renderer factories specified for module 'CEGUIFalagardWRBase' - adding all available factories...
12/04/2009 23:20:29 (InfL1)	WindowRendererFactory 'Falagard/Button' added.
12/04/2009 23:20:29 (InfL1)	WindowRendererFactory 'Falagard/Default' added.
12/04/2009 23:20:29 (InfL1)	WindowRendererFactory 'Falagard/Editbox' added.
12/04/2009 23:20:29 (InfL1)	WindowRendererFactory 'Falagard/FrameWindow' added.
12/04/2009 23:20:29 (InfL1)	WindowRendererFactory 'Falagard/ItemEntry' added.
12/04/2009 23:20:29 (InfL1)	WindowRendererFactory 'Falagard/ListHeader' added.
12/04/2009 23:20:29 (InfL1)	WindowRendererFactory 'Falagard/ListHeaderSegment' added.
12/04/2009 23:20:29 (InfL1)	WindowRendererFactory 'Falagard/Listbox' added.
12/04/2009 23:20:29 (InfL1)	WindowRendererFactory 'Falagard/Menubar' added.
12/04/2009 23:20:29 (InfL1)	WindowRendererFactory 'Falagard/MenuItem' added.
12/04/2009 23:20:29 (InfL1)	WindowRendererFactory 'Falagard/MultiColumnList' added.
12/04/2009 23:20:29 (InfL1)	WindowRendererFactory 'Falagard/MultiLineEditbox' added.
12/04/2009 23:20:29 (InfL1)	WindowRendererFactory 'Falagard/PopupMenu' added.
12/04/2009 23:20:29 (InfL1)	WindowRendererFactory 'Falagard/ProgressBar' added.
12/04/2009 23:20:29 (InfL1)	WindowRendererFactory 'Falagard/ScrollablePane' added.
12/04/2009 23:20:29 (InfL1)	WindowRendererFactory 'Falagard/Scrollbar' added.
12/04/2009 23:20:29 (InfL1)	WindowRendererFactory 'Falagard/Slider' added.
12/04/2009 23:20:29 (InfL1)	WindowRendererFactory 'Falagard/Static' added.
12/04/2009 23:20:29 (InfL1)	WindowRendererFactory 'Falagard/StaticImage' added.
12/04/2009 23:20:29 (InfL1)	WindowRendererFactory 'Falagard/StaticText' added.
12/04/2009 23:20:29 (InfL1)	WindowRendererFactory 'Falagard/SystemButton' added.
12/04/2009 23:20:29 (InfL1)	WindowRendererFactory 'Falagard/TabButton' added.
12/04/2009 23:20:29 (InfL1)	WindowRendererFactory 'Falagard/TabControl' added.
12/04/2009 23:20:29 (InfL1)	WindowRendererFactory 'Falagard/Titlebar' added.
12/04/2009 23:20:29 (InfL1)	WindowRendererFactory 'Falagard/ToggleButton' added.
12/04/2009 23:20:29 (InfL1)	WindowRendererFactory 'Falagard/Tooltip' added.
12/04/2009 23:20:29 (InfL1)	WindowRendererFactory 'Falagard/ItemListbox' added.
12/04/2009 23:20:29 (InfL1)	Creating falagard mapping for type 'TaharezLook/Button' using base type 'CEGUI/PushButton', window renderer 'Falagard/Button' and Look'N'Feel 'TaharezLook/Button'.
12/04/2009 23:20:29 (InfL1)	Creating falagard mapping for type 'TaharezLook/Checkbox' using base type 'CEGUI/Checkbox', window renderer 'Falagard/ToggleButton' and Look'N'Feel 'TaharezLook/Checkbox'.
12/04/2009 23:20:29 (InfL1)	Creating falagard mapping for type 'TaharezLook/ImageButton' using base type 'CEGUI/PushButton', window renderer 'Falagard/Button' and Look'N'Feel 'TaharezLook/ImageButton'.
12/04/2009 23:20:29 (InfL1)	Creating falagard mapping for type 'TaharezLook/RadioButton' using base type 'CEGUI/RadioButton', window renderer 'Falagard/ToggleButton' and Look'N'Feel 'TaharezLook/RadioButton'.
12/04/2009 23:20:29 (InfL1)	Creating falagard mapping for type 'TaharezLook/FrameWindow' using base type 'CEGUI/FrameWindow', window renderer 'Falagard/FrameWindow' and Look'N'Feel 'TaharezLook/FrameWindow'.
12/04/2009 23:20:29 (InfL1)	Creating falagard mapping for type 'TaharezLook/Titlebar' using base type 'CEGUI/Titlebar', window renderer 'Falagard/Titlebar' and Look'N'Feel 'TaharezLook/Titlebar'.
12/04/2009 23:20:29 (InfL1)	Creating falagard mapping for type 'TaharezLook/SystemButton' using base type 'CEGUI/PushButton', window renderer 'Falagard/SystemButton' and Look'N'Feel 'TaharezLook/Button'.
12/04/2009 23:20:29 (InfL1)	Creating falagard mapping for type 'TaharezLook/Editbox' using base type 'CEGUI/Editbox', window renderer 'Falagard/Editbox' and Look'N'Feel 'TaharezLook/Editbox'.
12/04/2009 23:20:29 (InfL1)	Creating falagard mapping for type 'TaharezLook/MultiLineEditbox' using base type 'CEGUI/MultiLineEditbox', window renderer 'Falagard/MultiLineEditbox' and Look'N'Feel 'TaharezLook/MultiLineEditbox'.
12/04/2009 23:20:29 (InfL1)	Creating falagard mapping for type 'TaharezLook/Menubar' using base type 'CEGUI/Menubar', window renderer 'Falagard/Menubar' and Look'N'Feel 'TaharezLook/Menubar'.
12/04/2009 23:20:29 (InfL1)	Creating falagard mapping for type 'TaharezLook/PopupMenu' using base type 'CEGUI/PopupMenu', window renderer 'Falagard/PopupMenu' and Look'N'Feel 'TaharezLook/PopupMenu'.
12/04/2009 23:20:29 (InfL1)	Creating falagard mapping for type 'TaharezLook/MenuItem' using base type 'CEGUI/MenuItem', window renderer 'Falagard/MenuItem' and Look'N'Feel 'TaharezLook/MenuItem'.
12/04/2009 23:20:29 (InfL1)	Creating falagard mapping for type 'TaharezLook/AlternateProgressBar' using base type 'CEGUI/ProgressBar', window renderer 'Falagard/ProgressBar' and Look'N'Feel 'TaharezLook/AltProgressBar'.
12/04/2009 23:20:29 (InfL1)	Creating falagard mapping for type 'TaharezLook/ProgressBar' using base type 'CEGUI/ProgressBar', window renderer 'Falagard/ProgressBar' and Look'N'Feel 'TaharezLook/ProgressBar'.
12/04/2009 23:20:29 (InfL1)	Creating falagard mapping for type 'TaharezLook/VUMeter' using base type 'CEGUI/ProgressBar', window renderer 'Falagard/ProgressBar' and Look'N'Feel 'TaharezLook/VUMeter'.
12/04/2009 23:20:29 (InfL1)	Creating falagard mapping for type 'TaharezLook/VerticalScrollbar' using base type 'CEGUI/Scrollbar', window renderer 'Falagard/Scrollbar' and Look'N'Feel 'TaharezLook/VerticalScrollbar'.
12/04/2009 23:20:29 (InfL1)	Creating falagard mapping for type 'TaharezLook/HorizontalScrollbar' using base type 'CEGUI/Scrollbar', window renderer 'Falagard/Scrollbar' and Look'N'Feel 'TaharezLook/HorizontalScrollbar'.
12/04/2009 23:20:29 (InfL1)	Creating falagard mapping for type 'TaharezLook/VerticalScrollbarThumb' using base type 'CEGUI/Thumb', window renderer 'Falagard/Button' and Look'N'Feel 'TaharezLook/VerticalScrollbarThumb'.
12/04/2009 23:20:29 (InfL1)	Creating falagard mapping for type 'TaharezLook/HorizontalScrollbarThumb' using base type 'CEGUI/Thumb', window renderer 'Falagard/Button' and Look'N'Feel 'TaharezLook/HorizontalScrollbarThumb'.
12/04/2009 23:20:29 (InfL1)	Creating falagard mapping for type 'TaharezLook/LargeVerticalScrollbar' using base type 'CEGUI/Scrollbar', window renderer 'Falagard/Scrollbar' and Look'N'Feel 'TaharezLook/LargeVerticalScrollbar'.
12/04/2009 23:20:29 (InfL1)	Creating falagard mapping for type 'TaharezLook/LargeVerticalScrollbarThumb' using base type 'CEGUI/Thumb', window renderer 'Falagard/Button' and Look'N'Feel 'TaharezLook/LargeVerticalScrollbarThumb'.
12/04/2009 23:20:29 (InfL1)	Creating falagard mapping for type 'TaharezLook/TabButton' using base type 'CEGUI/TabButton', window renderer 'Falagard/TabButton' and Look'N'Feel 'TaharezLook/TabButton'.
12/04/2009 23:20:29 (InfL1)	Creating falagard mapping for type 'TaharezLook/TabControl' using base type 'CEGUI/TabControl', window renderer 'Falagard/TabControl' and Look'N'Feel 'TaharezLook/TabControl'.
12/04/2009 23:20:29 (InfL1)	Creating falagard mapping for type 'TaharezLook/TabContentPane' using base type 'DefaultWindow', window renderer 'Falagard/Default' and Look'N'Feel 'TaharezLook/TabContentPane'.
12/04/2009 23:20:29 (InfL1)	Creating falagard mapping for type 'TaharezLook/TabButtonPane' using base type 'DefaultWindow', window renderer 'Falagard/Default' and Look'N'Feel 'TaharezLook/TabButtonPane'.
12/04/2009 23:20:29 (InfL1)	Creating falagard mapping for type 'TaharezLook/ComboDropList' using base type 'CEGUI/ComboDropList', window renderer 'Falagard/Listbox' and Look'N'Feel 'TaharezLook/ComboDropList'.
12/04/2009 23:20:29 (InfL1)	Creating falagard mapping for type 'TaharezLook/ComboEditbox' using base type 'CEGUI/Editbox', window renderer 'Falagard/Editbox' and Look'N'Feel 'TaharezLook/ComboEditbox'.
12/04/2009 23:20:29 (InfL1)	Creating falagard mapping for type 'TaharezLook/Combobox' using base type 'CEGUI/Combobox', window renderer 'Falagard/Default' and Look'N'Feel 'TaharezLook/Combobox'.
12/04/2009 23:20:29 (InfL1)	Creating falagard mapping for type 'TaharezLook/Listbox' using base type 'CEGUI/Listbox', window renderer 'Falagard/Listbox' and Look'N'Feel 'TaharezLook/Listbox'.
12/04/2009 23:20:29 (InfL1)	Creating falagard mapping for type 'TaharezLook/ListHeader' using base type 'CEGUI/ListHeader', window renderer 'Falagard/ListHeader' and Look'N'Feel 'TaharezLook/ListHeader'.
12/04/2009 23:20:29 (InfL1)	Creating falagard mapping for type 'TaharezLook/ListHeaderSegment' using base type 'CEGUI/ListHeaderSegment', window renderer 'Falagard/ListHeaderSegment' and Look'N'Feel 'TaharezLook/ListHeaderSegment'.
12/04/2009 23:20:29 (InfL1)	Creating falagard mapping for type 'TaharezLook/MultiColumnList' using base type 'CEGUI/MultiColumnList', window renderer 'Falagard/MultiColumnList' and Look'N'Feel 'TaharezLook/MultiColumnList'.
12/04/2009 23:20:29 (InfL1)	Creating falagard mapping for type 'TaharezLook/Slider' using base type 'CEGUI/Slider', window renderer 'Falagard/Slider' and Look'N'Feel 'TaharezLook/Slider'.
12/04/2009 23:20:29 (InfL1)	Creating falagard mapping for type 'TaharezLook/SliderThumb' using base type 'CEGUI/Thumb', window renderer 'Falagard/Button' and Look'N'Feel 'TaharezLook/SliderThumb'.
12/04/2009 23:20:29 (InfL1)	Creating falagard mapping for type 'TaharezLook/ScrollablePane' using base type 'CEGUI/ScrollablePane', window renderer 'Falagard/ScrollablePane' and Look'N'Feel 'TaharezLook/ScrollablePane'.
12/04/2009 23:20:29 (InfL1)	Creating falagard mapping for type 'TaharezLook/Spinner' using base type 'CEGUI/Spinner', window renderer 'Falagard/Default' and Look'N'Feel 'TaharezLook/Spinner'.
12/04/2009 23:20:29 (InfL1)	Creating falagard mapping for type 'TaharezLook/Tooltip' using base type 'CEGUI/Tooltip', window renderer 'Falagard/Tooltip' and Look'N'Feel 'TaharezLook/Tooltip'.
12/04/2009 23:20:29 (InfL1)	Creating falagard mapping for type 'TaharezLook/StaticImage' using base type 'DefaultWindow', window renderer 'Falagard/StaticImage' and Look'N'Feel 'TaharezLook/StaticImage'.
12/04/2009 23:20:29 (InfL1)	Creating falagard mapping for type 'TaharezLook/StaticText' using base type 'DefaultWindow', window renderer 'Falagard/StaticText' and Look'N'Feel 'TaharezLook/StaticText'.
12/04/2009 23:20:29 (InfL2)	---- Resource loading for GUI scheme 'TaharezLook' completed ----
